nohup: ignoring input
time="2025-11-10T12:40:33-06:00" level=warning msg="/home/bazzite/Documents/towncrier/docker-compose.yml: the attribute `version` is obsolete, it will be ignored, please remove it to avoid potential confusion"
Attaching to frontend-1, server-1
server-1  | 
server-1  | > towncrier-server@0.1.0 dev
server-1  | > node --loader ts-node/esm src/index.ts
server-1  | 
server-1  | (node:18) ExperimentalWarning: `--experimental-loader` may be removed in the future; instead use `register()`:
server-1  | --import 'data:text/javascript,import { register } from "node:module"; import { pathToFileURL } from "node:url"; register("ts-node/esm", pathToFileURL("./"));'
server-1  | (Use `node --trace-warnings ...` to show where the warning was created)
frontend-1  | Starting project at /app
frontend-1  | Starting Metro Bundler
frontend-1  | The following packages should be updated for best compatibility with the installed expo version:
frontend-1  |   react-native@0.74.0 - expected version: 0.74.5
frontend-1  | Your project may not work correctly until you install the expected versions of the packages.
frontend-1  | Waiting on http://localhost:8081
frontend-1  | Logs for your project will appear below.
server-1    | server listening on :3000
[Kfrontend-1 exited with code 0
server-1    | npm error path /app
server-1    | npm error command failed
server-1    | npm error signal SIGTERM
server-1    | npm error command sh -c node --loader ts-node/esm src/index.ts
server-1    | npm error A complete log of this run can be found in: /root/.npm/_logs/2025-11-10T18_40_33_864Z-debug-0.log
[Kserver-1 exited with code 1
